<?xml version="1.0" encoding="UTF-8" ?>
<testsuite tests="2" failures="2" name="TestRunner" time="0.01" errors="0" skipped="0">
  <properties>
    <property name="java.vendor" value="Oracle Corporation"/>
    <property name="JOB_NAME" value="Test3"/>
    <property name="sun.java.launcher" value="SUN_STANDARD"/>
    <property name="NUMBER_OF_PROCESSORS" value="8"/>
    <property name="sun.management.compiler" value="HotSpot Client Compiler"/>
    <property name="JENKINS_HOME" value="D:\Programs\Jenkins"/>
    <property name="HUDSON_SERVER_COOKIE" value="dd8b6e96a4e164a9"/>
    <property name="POM_ARTIFACTID" value="ert"/>
    <property name="os.name" value="Windows 10"/>
    <property name="RegionCode" value="NA"/>
    <property name="sun.boot.class.path" value="D:\Programs\Jenkins\tools\hudson.model.JDK\123\jre\lib\resources.jar;D:\Programs\Jenkins\tools\hudson.model.JDK\123\jre\lib\rt.jar;D:\Programs\Jenkins\tools\hudson.model.JDK\123\jre\lib\sunrsasign.jar;D:\Programs\Jenkins\tools\hudson.model.JDK\123\jre\lib\jsse.jar;D:\Programs\Jenkins\tools\hudson.model.JDK\123\jre\lib\jce.jar;D:\Programs\Jenkins\tools\hudson.model.JDK\123\jre\lib\charsets.jar;D:\Programs\Jenkins\tools\hudson.model.JDK\123\jre\lib\jfr.jar;D:\Programs\Jenkins\tools\hudson.model.JDK\123\jre\classes"/>
    <property name="EXECUTOR_NUMBER" value="0"/>
    <property name="sun.desktop" value="windows"/>
    <property name="PATHEXT" value=".COM;.EXE;.BAT;.CMD;.VBS;.VBE;.JS;.JSE;.WSF;.WSH;.MSC"/>
    <property name="java.vm.specification.vendor" value="Oracle Corporation"/>
    <property name="POM_DISPLAYNAME" value="ert"/>
    <property name="NODE_LABELS" value="master"/>
    <property name="TEMP" value="C:\WINDOWS\TEMP"/>
    <property name="java.runtime.version" value="1.8.0_144-b01"/>
    <property name="WINSW_SERVICE_ID" value="Jenkins"/>
    <property name="user.name" value="DESKTOP-B8NEL8U$"/>
    <property name="guice.disable.misplaced.annotation.check" value="true"/>
    <property name="CommonProgramW6432" value="C:\Program Files\Common Files"/>
    <property name="ProgramFiles" value="C:\Program Files (x86)"/>
    <property name="OnlineServices" value="Online Services"/>
    <property name="user.language" value="en"/>
    <property name="JOB_BASE_NAME" value="Test3"/>
    <property name="RUN_CHANGES_DISPLAY_URL" value="http://unconfigured-jenkins-location/job/Test3/60/display/redirect?page=changes"/>
    <property name="BUILD_DISPLAY_NAME" value="#60"/>
    <property name="sun.boot.library.path" value="D:\Programs\Jenkins\tools\hudson.model.JDK\123\jre\bin"/>
    <property name="GIT_PREVIOUS_SUCCESSFUL_COMMIT" value="b83cc5099837df1e2ad8adaa7a3cd98a00fd1334"/>
    <property name="LOCALAPPDATA" value="C:\WINDOWS\system32\config\systemprofile\AppData\Local"/>
    <property name="java.version" value="1.8.0_144"/>
    <property name="PROCESSOR_LEVEL" value="6"/>
    <property name="user.timezone" value="America/Chicago"/>
    <property name="USERNAME" value="DESKTOP-B8NEL8U$"/>
    <property name="webdriver.gecko.driver" value="C:\Users\luckyPC\Desktop\Temp\ert\src\test\resources\drivers\geckodriver.exe"/>
    <property name="sun.arch.data.model" value="32"/>
    <property name="NODE_NAME" value="master"/>
    <property name="PROCESSOR_ARCHITEW6432" value="AMD64"/>
    <property name="java.endorsed.dirs" value="D:\Programs\Jenkins\tools\hudson.model.JDK\123\jre\lib\endorsed"/>
    <property name="BUILD_ID" value="60"/>
    <property name="sun.cpu.isalist" value="pentium_pro+mmx pentium_pro pentium+mmx pentium i486 i386 i86"/>
    <property name="sun.jnu.encoding" value="Cp1252"/>
    <property name="file.encoding.pkg" value="sun.io"/>
    <property name="file.separator" value="\"/>
    <property name="java.specification.name" value="Java Platform API Specification"/>
    <property name="maven.conf" value="K:\Downloads\Browser\apache-maven-3.5.0-bin\apache-maven-3.5.0\conf"/>
    <property name="java.class.version" value="52.0"/>
    <property name="org.slf4j.simpleLogger.defaultLogLevel" value="info"/>
    <property name="user.country" value="US"/>
    <property name="ALLUSERSPROFILE" value="C:\ProgramData"/>
    <property name="java.home" value="D:\Programs\Jenkins\tools\hudson.model.JDK\123\jre"/>
    <property name="java.vm.info" value="mixed mode, sharing"/>
    <property name="os.version" value="10.0"/>
    <property name="platformcode" value="6J"/>
    <property name="RUN_DISPLAY_URL" value="http://unconfigured-jenkins-location/job/Test3/60/display/redirect"/>
    <property name="POM_VERSION" value="1.0-SNAPSHOT"/>
    <property name="TMP" value="C:\WINDOWS\TEMP"/>
    <property name="path.separator" value=";"/>
    <property name="java.vm.version" value="25.144-b01"/>
    <property name="user.variant" value=""/>
    <property name="GIT_PREVIOUS_COMMIT" value="b83cc5099837df1e2ad8adaa7a3cd98a00fd1334"/>
    <property name="JOB_DISPLAY_URL" value="http://unconfigured-jenkins-location/job/Test3/display/redirect"/>
    <property name="CommonProgramFiles(x86)" value="C:\Program Files (x86)\Common Files"/>
    <property name="java.awt.printerjob" value="sun.awt.windows.WPrinterJob"/>
    <property name="JAVA_HOME" value="D:\Programs\Jenkins\tools\hudson.model.JDK\123"/>
    <property name="sun.io.unicode.encoding" value="UnicodeLittle"/>
    <property name="CommonProgramFiles" value="C:\Program Files (x86)\Common Files"/>
    <property name="ComSpec" value="C:\WINDOWS\system32\cmd.exe"/>
    <property name="awt.toolkit" value="sun.awt.windows.WToolkit"/>
    <property name="POM_PACKAGING" value="jar"/>
    <property name="user.script" value=""/>
    <property name="COMPUTERNAME" value="DESKTOP-B8NEL8U"/>
    <property name="SERVICE_ID" value="Jenkins"/>
    <property name="POM_GROUPID" value="ert"/>
    <property name="user.home" value="C:\WINDOWS\system32\config\systemprofile"/>
    <property name="PUBLIC" value="C:\Users\Public"/>
    <property name="BUILD_TAG" value="jenkins-Test3-60"/>
    <property name="JENKINS_SERVER_COOKIE" value="dd8b6e96a4e164a9"/>
    <property name="ProgramData" value="C:\ProgramData"/>
    <property name="java.specification.vendor" value="Oracle Corporation"/>
    <property name="USERPROFILE" value="C:\WINDOWS\system32\config\systemprofile"/>
    <property name="CLASSPATH" value=""/>
    <property name="java.vendor.url" value="http://java.oracle.com/"/>
    <property name="java.library.path" value="D:\Programs\Jenkins\tools\hudson.model.JDK\123\bin;C:\WINDOWS\Sun\Java\bin;C:\WINDOWS\system32;C:\WINDOWS;K:\Downloads\Browser\apache-maven-3.5.0-bin\apache-maven-3.5.0/bin;D:\Programs\Jenkins\tools\hudson.model.JDK\123/bin;D:\Programs\Jenkins\tools\chromedriver;D:\Programs\Jenkins\tools\hudson.model.JDK\123/bin;C:\ProgramData\Oracle\Java\javapath;C:\Program Files (x86)\Intel\iCLS Client\;C:\Program Files\Intel\iCLS Client\;C:\WINDOWS\system32;C:\WINDOWS;C:\WINDOWS\System32\Wbem;C:\WINDOWS\System32\WindowsPowerShell\v1.0\;C:\Program Files (x86)\Intel\Intel(R) Management Engine Components\DAL;C:\Program Files\Intel\Intel(R) Management Engine Components\DAL;C:\Program Files (x86)\Intel\Intel(R) Management Engine Components\IPT;C:\Program Files\Intel\Intel(R) Management Engine Components\IPT;c:\Program Files\Intel\WiFi\bin\;c:\Program Files\Common Files\Intel\WirelessCommon\;C:\Program Files (x86)\Skype\Phone\;D:\Programs\Git\cmd;D:\Programs\Git\mingw32\bin;D:\Programs\Git\usr\bin;C:\WINDOWS\system32\config\systemprofile\AppData\Local\Microsoft\WindowsApps;."/>
    <property name="java.vm.vendor" value="Oracle Corporation"/>
    <property name="APPDATA" value="C:\WINDOWS\system32\config\systemprofile\AppData\Roaming"/>
    <property name="java.runtime.name" value="Java(TM) SE Runtime Environment"/>
    <property name="maven.home" value="K:\Downloads\Browser\apache-maven-3.5.0-bin\apache-maven-3.5.0"/>
    <property name="java.class.path" value="D:\Programs\Jenkins\plugins\maven-plugin\WEB-INF\lib\maven35-agent-1.11.jar;K:\Downloads\Browser\apache-maven-3.5.0-bin\apache-maven-3.5.0\boot\plexus-classworlds-2.5.2.jar;K:\Downloads\Browser\apache-maven-3.5.0-bin\apache-maven-3.5.0/conf/logging"/>
    <property name="sun.java.command" value="jenkins.maven3.agent.Maven35Main K:\Downloads\Browser\apache-maven-3.5.0-bin\apache-maven-3.5.0 D:\Programs\Jenkins\war\WEB-INF\lib\remoting-3.10.jar D:\Programs\Jenkins\plugins\maven-plugin\WEB-INF\lib\maven35-interceptor-1.11.jar D:\Programs\Jenkins\plugins\maven-plugin\WEB-INF\lib\maven3-interceptor-commons-1.11.jar 50925"/>
    <property name="Path" value="D:\Programs\Jenkins\tools\hudson.model.JDK\123/bin;C:\ProgramData\Oracle\Java\javapath;C:\Program Files (x86)\Intel\iCLS Client\;C:\Program Files\Intel\iCLS Client\;C:\WINDOWS\system32;C:\WINDOWS;C:\WINDOWS\System32\Wbem;C:\WINDOWS\System32\WindowsPowerShell\v1.0\;C:\Program Files (x86)\Intel\Intel(R) Management Engine Components\DAL;C:\Program Files\Intel\Intel(R) Management Engine Components\DAL;C:\Program Files (x86)\Intel\Intel(R) Management Engine Components\IPT;C:\Program Files\Intel\Intel(R) Management Engine Components\IPT;c:\Program Files\Intel\WiFi\bin\;c:\Program Files\Common Files\Intel\WirelessCommon\;C:\Program Files (x86)\Skype\Phone\;D:\Programs\Git\cmd;D:\Programs\Git\mingw32\bin;D:\Programs\Git\usr\bin;C:\WINDOWS\system32\config\systemprofile\AppData\Local\Microsoft\WindowsApps"/>
    <property name="java.vm.specification.name" value="Java Virtual Machine Specification"/>
    <property name="PROCESSOR_ARCHITECTURE" value="x86"/>
    <property name="PATH+JDK" value="D:\Programs\Jenkins\tools\hudson.model.JDK\123/bin"/>
    <property name="PROCESSOR_IDENTIFIER" value="Intel64 Family 6 Model 94 Stepping 3, GenuineIntel"/>
    <property name="java.vm.specification.version" value="1.8"/>
    <property name="sun.os.patch.level" value=""/>
    <property name="sun.cpu.endian" value="little"/>
    <property name="M2_HOME" value="K:\Downloads\Browser\apache-maven-3.5.0-bin\apache-maven-3.5.0"/>
    <property name="java.io.tmpdir" value="C:\WINDOWS\TEMP\"/>
    <property name="OS" value="Windows_NT"/>
    <property name="HUDSON_HOME" value="D:\Programs\Jenkins"/>
    <property name="PATH+MAVEN" value="K:\Downloads\Browser\apache-maven-3.5.0-bin\apache-maven-3.5.0/bin"/>
    <property name="ProgramFiles(x86)" value="C:\Program Files (x86)"/>
    <property name="java.vendor.url.bug" value="http://bugreport.sun.com/bugreport/"/>
    <property name="java.awt.graphicsenv" value="sun.awt.Win32GraphicsEnvironment"/>
    <property name="os.arch" value="x86"/>
    <property name="SystemRoot" value="C:\WINDOWS"/>
    <property name="java.ext.dirs" value="D:\Programs\Jenkins\tools\hudson.model.JDK\123\jre\lib\ext;C:\WINDOWS\Sun\Java\lib\ext"/>
    <property name="user.dir" value="C:\Users\luckyPC\Desktop\Temp\ert"/>
    <property name="USERDOMAIN" value="WORKGROUP"/>
    <property name="line.separator" value="
"/>
    <property name="MAVEN_HOME" value="K:\Downloads\Browser\apache-maven-3.5.0-bin\apache-maven-3.5.0"/>
    <property name="java.vm.name" value="Java HotSpot(TM) Client VM"/>
    <property name="BUILD_NUMBER" value="60"/>
    <property name="BASE" value="D:\Programs\Jenkins"/>
    <property name="PROCESSOR_REVISION" value="5e03"/>
    <property name="GIT_BRANCH" value="origin/master"/>
    <property name="PATH+CHROMEDRIVER" value="D:\Programs\Jenkins\tools\chromedriver"/>
    <property name="ProgramW6432" value="C:\Program Files"/>
    <property name="windir" value="C:\WINDOWS"/>
    <property name="GIT_COMMIT" value="b83cc5099837df1e2ad8adaa7a3cd98a00fd1334"/>
    <property name="file.encoding" value="Cp1252"/>
    <property name="SystemDrive" value="C:"/>
    <property name="maven3.interceptor" value="D:\Programs\Jenkins\plugins\maven-plugin\WEB-INF\lib\maven35-interceptor-1.11.jar"/>
    <property name="WORKSPACE" value="D:\Programs\Jenkins\workspace\Test3"/>
    <property name="maven3.interceptor.common" value="D:\Programs\Jenkins\plugins\maven-plugin\WEB-INF\lib\maven3-interceptor-commons-1.11.jar"/>
    <property name="WINSW_EXECUTABLE" value="D:\Programs\Jenkins\jenkins.exe"/>
    <property name="java.specification.version" value="1.8"/>
    <property name="PSModulePath" value="C:\Program Files (x86)\WindowsPowerShell\Modules;C:\WINDOWS\system32\WindowsPowerShell\v1.0\Modules;C:\Program Files (x86)\AutoIt3\AutoItX"/>
    <property name="GIT_URL" value="https://github.com/luckydevelop/headless.git"/>
  </properties>
  <testcase classname="Scenario: Test" name="Given Test" time="0.005">
    <failure message="expected:&lt;...ation Tools Tutorial[]&gt; but was:&lt;...ation Tools Tutorial[2]&gt;" type="org.junit.ComparisonFailure">org.junit.ComparisonFailure: expected:&lt;...ation Tools Tutorial[]&gt; but was:&lt;...ation Tools Tutorial[2]&gt;
	at org.junit.Assert.assertEquals(Assert.java:115)
	at org.junit.Assert.assertEquals(Assert.java:144)
	at steps.TestSteps.test(TestSteps.java:42)
	at ✽.Given Test(test.feature:4)
</failure>
    <system-out>Feature: Test
</system-out>
  </testcase>
  <testcase classname="Scenario: Test" name="Scenario: Test" time="0.005">
    <failure message="expected:&lt;...ation Tools Tutorial[]&gt; but was:&lt;...ation Tools Tutorial[2]&gt;" type="org.junit.ComparisonFailure">org.junit.ComparisonFailure: expected:&lt;...ation Tools Tutorial[]&gt; but was:&lt;...ation Tools Tutorial[2]&gt;
	at org.junit.Assert.assertEquals(Assert.java:115)
	at org.junit.Assert.assertEquals(Assert.java:144)
	at steps.TestSteps.test(TestSteps.java:42)
	at ✽.Given Test(test.feature:4)
</failure>
  </testcase>
</testsuite>